<?xml version="1.0" encoding="UTF-8"?>
<!-- Generated by org.testng.reporters.JUnitReportReporter -->
<testsuite hostname="VAIO-PC" failures="0" tests="1" name="ApplicationTest.NewTest" time="24.614" errors="0" timestamp="6 Mar 2018 15:06:33 GMT">
  <testcase classname="ApplicationTest.NewTest" name="ApplicationTest" time="24.614"/>
</testsuite> <!-- ApplicationTest.NewTest -->
